-------------------------------------------------------------------------------
Test set: user.UserTest
-------------------------------------------------------------------------------
Tests run: 2, Failures: 1, Errors: 0, Skipped: 0, Time elapsed: 0.03 s <<< FAILURE! - in user.UserTest
shouldFail  Time elapsed: 0.008 s  <<< FAILURE!
org.opentest4j.AssertionFailedError: expected: <######> but was: <Hil>
	at user.UserTest.shouldFail(UserTest.java:23)

